[debug] [2023-04-08T13:45:16.957Z] ----------------------------------------------------------------------
[debug] [2023-04-08T13:45:16.959Z] Command:       C:\Program Files\nodejs\node.exe C:\Users\mridul\AppData\Roaming\npm\node_modules\firebase-tools\lib\bin\firebase.js deploy
[debug] [2023-04-08T13:45:16.960Z] CLI Version:   11.22.0
[debug] [2023-04-08T13:45:16.960Z] Platform:      win32
[debug] [2023-04-08T13:45:16.960Z] Node Version:  v18.15.0
[debug] [2023-04-08T13:45:16.961Z] Time:          Sat Apr 08 2023 19:45:16 GMT+0600 (Bangladesh Standard Time)
[debug] [2023-04-08T13:45:16.962Z] ----------------------------------------------------------------------
[debug] 
[debug] [2023-04-08T13:45:16.967Z] >>> [apiv2][query] GET https://firebase-public.firebaseio.com/cli.json [none]
[debug] [2023-04-08T13:45:17.092Z] > command requires scopes: ["email","openid","https://www.googleapis.com/auth/cloudplatformprojects.readonly","https://www.googleapis.com/auth/firebase","https://www.googleapis.com/auth/cloud-platform"]
[debug] [2023-04-08T13:45:17.092Z] > authorizing via signed-in user (sheikhmridul833@gmail.com)
[debug] [2023-04-08T13:45:17.092Z] [iam] checking project learn-with-nazir for permissions ["firebase.projects.get","firebasehosting.sites.update"]
[debug] [2023-04-08T13:45:17.093Z] > refreshing access token with scopes: []
[debug] [2023-04-08T13:45:17.095Z] >>> [apiv2][query] POST https://www.googleapis.com/oauth2/v3/token [none]
[debug] [2023-04-08T13:45:17.095Z] >>> [apiv2][body] POST https://www.googleapis.com/oauth2/v3/token [omitted]
[debug] [2023-04-08T13:45:17.351Z] <<< [apiv2][status] POST https://www.googleapis.com/oauth2/v3/token 200
[debug] [2023-04-08T13:45:17.352Z] <<< [apiv2][body] POST https://www.googleapis.com/oauth2/v3/token [omitted]
[debug] [2023-04-08T13:45:17.366Z] >>> [apiv2][query] POST https://cloudresourcemanager.googleapis.com/v1/projects/learn-with-nazir:testIamPermissions [none]
[debug] [2023-04-08T13:45:17.366Z] >>> [apiv2][(partial)header] POST https://cloudresourcemanager.googleapis.com/v1/projects/learn-with-nazir:testIamPermissions x-goog-quota-user=projects/learn-with-nazir
[debug] [2023-04-08T13:45:17.367Z] >>> [apiv2][body] POST https://cloudresourcemanager.googleapis.com/v1/projects/learn-with-nazir:testIamPermissions {"permissions":["firebase.projects.get","firebasehosting.sites.update"]}
[debug] [2023-04-08T13:45:17.841Z] <<< [apiv2][status] GET https://firebase-public.firebaseio.com/cli.json 200
[debug] [2023-04-08T13:45:17.841Z] <<< [apiv2][body] GET https://firebase-public.firebaseio.com/cli.json {"cloudBuildErrorAfter":1594252800000,"cloudBuildWarnAfter":1590019200000,"defaultNode10After":1594252800000,"minVersion":"3.0.5","node8DeploysDisabledAfter":1613390400000,"node8RuntimeDisabledAfter":1615809600000,"node8WarnAfter":1600128000000}
[debug] [2023-04-08T13:45:18.970Z] <<< [apiv2][status] POST https://cloudresourcemanager.googleapis.com/v1/projects/learn-with-nazir:testIamPermissions 200
[debug] [2023-04-08T13:45:18.970Z] <<< [apiv2][body] POST https://cloudresourcemanager.googleapis.com/v1/projects/learn-with-nazir:testIamPermissions {}
[debug] [2023-04-08T13:45:18.971Z] [iam] error while checking permissions, command may fail: FirebaseError: Authorization failed. This account is missing the following required permissions on project learn-with-nazir:

  firebase.projects.get
  firebasehosting.sites.update
[debug] [2023-04-08T13:45:18.972Z] >>> [apiv2][query] GET https://firebase.googleapis.com/v1beta1/projects/learn-with-nazir [none]
[debug] [2023-04-08T13:45:19.839Z] <<< [apiv2][status] GET https://firebase.googleapis.com/v1beta1/projects/learn-with-nazir 403
[debug] [2023-04-08T13:45:19.839Z] <<< [apiv2][body] GET https://firebase.googleapis.com/v1beta1/projects/learn-with-nazir {"error":{"code":403,"message":"The caller does not have permission","status":"PERMISSION_DENIED"}}
[debug] [2023-04-08T13:45:19.841Z] HTTP Error: 403, The caller does not have permission
[debug] [2023-04-08T13:45:20.083Z] FirebaseError: HTTP Error: 403, The caller does not have permission
    at responseToError (C:\Users\mridul\AppData\Roaming\npm\node_modules\firebase-tools\lib\responseToError.js:49:12)
    at RetryOperation._fn (C:\Users\mridul\AppData\Roaming\npm\node_modules\firebase-tools\lib\apiv2.js:288:77)
    at process.processTicksAndRejections (node:internal/process/task_queues:95:5)
[error] 
[error] Error: Failed to get Firebase project learn-with-nazir. Please make sure the project exists and your account has permission to access it.
